{"/home/danielxzr/Universidad/taller-cicd/Ingesoft2/src/app.js": {"path":"/home/danielxzr/Universidad/taller-cicd/Ingesoft2/src/app.js","statementMap":{"0":{"start":{"line":1,"column":16},"end":{"line":1,"column":34}},"1":{"start":{"line":2,"column":12},"end":{"line":2,"column":21}},"2":{"start":{"line":3,"column":0},"end":{"line":5,"column":3}},"3":{"start":{"line":4,"column":4},"end":{"line":4,"column":43}},"4":{"start":{"line":6,"column":0},"end":{"line":8,"column":3}},"5":{"start":{"line":7,"column":4},"end":{"line":7,"column":54}},"6":{"start":{"line":9,"column":0},"end":{"line":11,"column":3}},"7":{"start":{"line":10,"column":4},"end":{"line":10,"column":35}},"8":{"start":{"line":12,"column":0},"end":{"line":12,"column":21}},"9":{"start":{"line":13,"column":0},"end":{"line":18,"column":1}},"10":{"start":{"line":14,"column":17},"end":{"line":14,"column":41}},"11":{"start":{"line":15,"column":4},"end":{"line":17,"column":7}},"12":{"start":{"line":16,"column":8},"end":{"line":16,"column":54}}},"fnMap":{"0":{"name":"(anonymous_0)","decl":{"start":{"line":3,"column":13},"end":{"line":3,"column":14}},"loc":{"start":{"line":3,"column":27},"end":{"line":5,"column":1}},"line":3},"1":{"name":"(anonymous_1)","decl":{"start":{"line":6,"column":19},"end":{"line":6,"column":20}},"loc":{"start":{"line":6,"column":33},"end":{"line":8,"column":1}},"line":6},"2":{"name":"(anonymous_2)","decl":{"start":{"line":9,"column":20},"end":{"line":9,"column":21}},"loc":{"start":{"line":9,"column":34},"end":{"line":11,"column":1}},"line":9},"3":{"name":"(anonymous_3)","decl":{"start":{"line":15,"column":21},"end":{"line":15,"column":22}},"loc":{"start":{"line":15,"column":27},"end":{"line":17,"column":5}},"line":15}},"branchMap":{"0":{"loc":{"start":{"line":13,"column":0},"end":{"line":18,"column":1}},"type":"if","locations":[{"start":{"line":13,"column":0},"end":{"line":18,"column":1}},{"start":{},"end":{}}],"line":13},"1":{"loc":{"start":{"line":14,"column":17},"end":{"line":14,"column":41}},"type":"binary-expr","locations":[{"start":{"line":14,"column":17},"end":{"line":14,"column":33}},{"start":{"line":14,"column":37},"end":{"line":14,"column":41}}],"line":14}},"s":{"0":1,"1":1,"2":1,"3":1,"4":1,"5":1,"6":1,"7":1,"8":1,"9":1,"10":0,"11":0,"12":0},"f":{"0":1,"1":1,"2":1,"3":0},"b":{"0":[0,1],"1":[0,0]},"_coverageSchema":"1a1c01bbd47fc00a2c39e90264f33305004495a9","hash":"d76e6814576a25f60e9fc3ddd6d41a45f0a48328"}
}
